{
  "Cucumber Features": {
    "coverage": {
      "/Users/sameer/Desktop/EngineeringSaaS/courseassist/app/channels/application_cable/channel.rb": {
        "lines": [
          1,
          1,
          null,
          null
        ]
      },
      "/Users/sameer/Desktop/EngineeringSaaS/courseassist/app/channels/application_cable/connection.rb": {
        "lines": [
          1,
          1,
          null,
          null
        ]
      },
      "/Users/sameer/Desktop/EngineeringSaaS/courseassist/app/controllers/addcourses_controller.rb": {
        "lines": [
          1,
          null,
          1,
          0,
          0,
          null,
          null,
          1,
          5,
          null,
          5,
          5,
          5,
          3,
          null,
          null,
          5,
          5,
          5,
          25,
          22,
          null,
          null,
          null,
          null,
          null,
          1,
          null,
          null,
          null,
          1,
          0,
          null,
          null,
          null,
          0,
          0,
          null,
          null,
          1,
          2,
          2,
          2,
          2,
          null,
          2,
          2,
          null,
          null,
          1,
          0,
          null,
          null,
          null
        ]
      },
      "/Users/sameer/Desktop/EngineeringSaaS/courseassist/app/controllers/application_controller.rb": {
        "lines": [
          1,
          null
        ]
      },
      "/Users/sameer/Desktop/EngineeringSaaS/courseassist/app/helpers/application_helper.rb": {
        "lines": [
          1,
          null
        ]
      },
      "/Users/sameer/Desktop/EngineeringSaaS/courseassist/app/helpers/welcome_helper.rb": {
        "lines": [
          1,
          null
        ]
      },
      "/Users/sameer/Desktop/EngineeringSaaS/courseassist/app/controllers/articles_controller.rb": {
        "lines": [
          1,
          1,
          null,
          null,
          null
        ]
      },
      "/Users/sameer/Desktop/EngineeringSaaS/courseassist/app/controllers/courses_controller.rb": {
        "lines": [
          1,
          1,
          null,
          1,
          null,
          0,
          0,
          null,
          0,
          0,
          0,
          0,
          null,
          null,
          null,
          1,
          null,
          null,
          null,
          null,
          null
        ]
      },
      "/Users/sameer/Desktop/EngineeringSaaS/courseassist/app/controllers/dashboards_controller.rb": {
        "lines": [
          1,
          1,
          null,
          null,
          null,
          null,
          1,
          null,
          null,
          1,
          1,
          1,
          null,
          1,
          0,
          0,
          null,
          null,
          1,
          1,
          1,
          0,
          0,
          0,
          0,
          0,
          null,
          0,
          0,
          null,
          0,
          0,
          null,
          0,
          0,
          null,
          0,
          0,
          null,
          null,
          null,
          null,
          1,
          1,
          1,
          2,
          null,
          null,
          1,
          1,
          1,
          0,
          null,
          null,
          1,
          1,
          1,
          6,
          4,
          null,
          null,
          null,
          1,
          1,
          1,
          1,
          1,
          0,
          0,
          null,
          null,
          null,
          null,
          1,
          1,
          1,
          1,
          0,
          0,
          null,
          null,
          null,
          null,
          1,
          1,
          1,
          1,
          0,
          0,
          null,
          null,
          null,
          null,
          1,
          1,
          1,
          1,
          4,
          2,
          null,
          null,
          null,
          null,
          1,
          null,
          null,
          0,
          0,
          null,
          null,
          null,
          null,
          1,
          0,
          0,
          null,
          0,
          0,
          0,
          null,
          null,
          1,
          0,
          0,
          0,
          0,
          0,
          null,
          0,
          0,
          0,
          0,
          null,
          0,
          null,
          null,
          1,
          null,
          null,
          1,
          0,
          null,
          null
        ]
      },
      "/Users/sameer/Desktop/EngineeringSaaS/courseassist/app/controllers/users_controller.rb": {
        "lines": [
          1,
          1,
          null,
          1,
          2,
          0,
          null,
          null,
          null,
          1,
          null,
          null,
          null,
          null,
          1,
          null,
          null,
          null,
          null,
          2,
          2,
          0,
          0,
          null,
          null,
          2,
          2,
          2,
          2,
          null,
          null,
          1,
          null,
          1,
          4,
          null,
          null,
          null
        ]
      },
      "/Users/sameer/Desktop/EngineeringSaaS/courseassist/app/controllers/welcome_controller.rb": {
        "lines": [
          1,
          null
        ]
      },
      "/Users/sameer/Desktop/EngineeringSaaS/courseassist/app/jobs/application_job.rb": {
        "lines": [
          1,
          null,
          null,
          null,
          null,
          null,
          null
        ]
      },
      "/Users/sameer/Desktop/EngineeringSaaS/courseassist/app/mailers/application_mailer.rb": {
        "lines": [
          1,
          1,
          1,
          null
        ]
      },
      "/Users/sameer/Desktop/EngineeringSaaS/courseassist/app/models/addcourse.rb": {
        "lines": [
          1,
          null
        ]
      },
      "/Users/sameer/Desktop/EngineeringSaaS/courseassist/app/models/application_record.rb": {
        "lines": [
          1,
          1,
          null
        ]
      },
      "/Users/sameer/Desktop/EngineeringSaaS/courseassist/app/models/course.rb": {
        "lines": [
          1,
          1,
          6,
          1,
          null,
          5,
          null,
          null,
          null,
          1,
          1,
          1,
          null,
          1,
          1,
          null,
          1,
          null,
          0,
          null,
          1,
          null,
          0,
          null,
          0,
          null,
          0,
          null,
          null,
          1,
          null,
          0,
          null,
          0,
          null,
          1,
          null,
          0,
          null,
          0,
          null,
          null,
          1,
          0,
          null,
          null,
          1,
          6,
          6,
          4,
          null,
          null,
          1,
          null,
          null,
          null
        ]
      },
      "/Users/sameer/Desktop/EngineeringSaaS/courseassist/app/models/coursereview.rb": {
        "lines": [
          1,
          null
        ]
      },
      "/Users/sameer/Desktop/EngineeringSaaS/courseassist/app/models/majorreq.rb": {
        "lines": [
          1,
          1,
          1,
          1,
          null,
          null,
          null
        ]
      },
      "/Users/sameer/Desktop/EngineeringSaaS/courseassist/app/models/minorreq.rb": {
        "lines": [
          1,
          1,
          1,
          1,
          null,
          0,
          null,
          null,
          null
        ]
      },
      "/Users/sameer/Desktop/EngineeringSaaS/courseassist/app/models/schoolreq.rb": {
        "lines": [
          1,
          1,
          1,
          1,
          null,
          null,
          null
        ]
      },
      "/Users/sameer/Desktop/EngineeringSaaS/courseassist/app/models/studentschedule.rb": {
        "lines": [
          1,
          null
        ]
      },
      "/Users/sameer/Desktop/EngineeringSaaS/courseassist/app/models/user.rb": {
        "lines": [
          1,
          null
        ]
      }
    },
    "timestamp": 1671491077
  },
  "RSpec": {
    "coverage": {
      "/Users/sameer/Desktop/EngineeringSaaS/courseassist/spec/controllers/addcourses_controller_spec.rb": {
        "lines": [
          1,
          null,
          1,
          1,
          1,
          1,
          1,
          1,
          null,
          1,
          4,
          null,
          1,
          1,
          1,
          null,
          1,
          4,
          4,
          null,
          null,
          null,
          null,
          null,
          null,
          null,
          null,
          4,
          32,
          null,
          4,
          4,
          4,
          null,
          null,
          1,
          1,
          1,
          1,
          null,
          null,
          1,
          1,
          1,
          1,
          1,
          null,
          null
        ]
      },
      "/Users/sameer/Desktop/EngineeringSaaS/courseassist/spec/rails_helper.rb": {
        "lines": [
          null,
          1,
          1,
          1,
          null,
          1,
          1,
          null,
          null,
          null,
          null,
          null,
          null,
          null,
          null,
          null,
          null,
          null,
          null,
          null,
          null,
          null,
          null,
          null,
          null,
          null,
          null,
          1,
          null,
          0,
          null,
          1,
          null,
          1,
          null,
          null,
          null,
          null,
          1,
          null,
          null,
          null,
          null,
          null,
          null,
          null,
          null,
          null,
          null,
          null,
          null,
          null,
          null,
          null,
          null,
          null,
          1,
          null,
          null,
          1,
          null,
          null,
          null
        ]
      },
      "/Users/sameer/Desktop/EngineeringSaaS/courseassist/config/environment.rb": {
        "lines": [
          null,
          1,
          null,
          null,
          1
        ]
      },
      "/Users/sameer/Desktop/EngineeringSaaS/courseassist/config/application.rb": {
        "lines": [
          1,
          null,
          1,
          null,
          null,
          null,
          1,
          null,
          1,
          1,
          null,
          1,
          null,
          null,
          null,
          null,
          null,
          null,
          null,
          null,
          null,
          null
        ]
      },
      "/Users/sameer/Desktop/EngineeringSaaS/courseassist/config/boot.rb": {
        "lines": [
          1,
          null,
          1,
          1
        ]
      },
      "/Users/sameer/Desktop/EngineeringSaaS/courseassist/config/environments/test.rb": {
        "lines": [
          1,
          null,
          null,
          null,
          null,
          null,
          null,
          1,
          null,
          1,
          1,
          null,
          null,
          null,
          null,
          1,
          null,
          null,
          null,
          null,
          1,
          null,
          null,
          1,
          1,
          null,
          null,
          null,
          null,
          1,
          1,
          1,
          null,
          null,
          1,
          null,
          null,
          1,
          null,
          null,
          1,
          null,
          1,
          null,
          null,
          null,
          null,
          1,
          null,
          null,
          1,
          null,
          null,
          1,
          null,
          null,
          1,
          null,
          null,
          null,
          null,
          null,
          null,
          null
        ]
      },
      "/Users/sameer/Desktop/EngineeringSaaS/courseassist/config/initializers/assets.rb": {
        "lines": [
          null,
          null,
          null,
          1,
          null,
          null,
          null,
          1,
          null,
          null,
          null,
          null,
          null
        ]
      },
      "/Users/sameer/Desktop/EngineeringSaaS/courseassist/config/initializers/content_security_policy.rb": {
        "lines": [
          null,
          null,
          null,
          null,
          null,
          null,
          null,
          null,
          null,
          null,
          null,
          null,
          null,
          null,
          null,
          null,
          null,
          null,
          null,
          null,
          null,
          null,
          null,
          null,
          null
        ]
      },
      "/Users/sameer/Desktop/EngineeringSaaS/courseassist/config/initializers/filter_parameter_logging.rb": {
        "lines": [
          null,
          null,
          null,
          null,
          null,
          1,
          null,
          null
        ]
      },
      "/Users/sameer/Desktop/EngineeringSaaS/courseassist/config/initializers/inflections.rb": {
        "lines": [
          null,
          null,
          null,
          null,
          null,
          null,
          null,
          null,
          null,
          null,
          null,
          null,
          null,
          null,
          null,
          null
        ]
      },
      "/Users/sameer/Desktop/EngineeringSaaS/courseassist/config/initializers/permissions_policy.rb": {
        "lines": [
          null,
          null,
          null,
          null,
          null,
          null,
          null,
          null,
          null,
          null,
          null
        ]
      },
      "/Users/sameer/Desktop/EngineeringSaaS/courseassist/app/channels/application_cable/channel.rb": {
        "lines": [
          1,
          1,
          null,
          null
        ]
      },
      "/Users/sameer/Desktop/EngineeringSaaS/courseassist/app/channels/application_cable/connection.rb": {
        "lines": [
          1,
          1,
          null,
          null
        ]
      },
      "/Users/sameer/Desktop/EngineeringSaaS/courseassist/app/controllers/addcourses_controller.rb": {
        "lines": [
          1,
          null,
          1,
          1,
          1,
          null,
          null,
          1,
          1,
          null,
          1,
          1,
          1,
          1,
          null,
          null,
          1,
          1,
          1,
          8,
          7,
          null,
          null,
          null,
          null,
          null,
          1,
          null,
          null,
          null,
          1,
          4,
          null,
          null,
          null,
          4,
          4,
          null,
          null,
          1,
          1,
          1,
          1,
          1,
          null,
          1,
          1,
          null,
          null,
          1,
          12,
          null,
          null,
          null
        ]
      },
      "/Users/sameer/Desktop/EngineeringSaaS/courseassist/app/controllers/application_controller.rb": {
        "lines": [
          1,
          null
        ]
      },
      "/Users/sameer/Desktop/EngineeringSaaS/courseassist/app/helpers/application_helper.rb": {
        "lines": [
          1,
          null
        ]
      },
      "/Users/sameer/Desktop/EngineeringSaaS/courseassist/app/helpers/welcome_helper.rb": {
        "lines": [
          1,
          null
        ]
      },
      "/Users/sameer/Desktop/EngineeringSaaS/courseassist/app/controllers/articles_controller.rb": {
        "lines": [
          1,
          1,
          null,
          null,
          null
        ]
      },
      "/Users/sameer/Desktop/EngineeringSaaS/courseassist/app/controllers/courses_controller.rb": {
        "lines": [
          1,
          1,
          null,
          1,
          null,
          3,
          3,
          null,
          3,
          3,
          3,
          0,
          null,
          null,
          null,
          1,
          null,
          null,
          null,
          null,
          null
        ]
      },
      "/Users/sameer/Desktop/EngineeringSaaS/courseassist/app/controllers/dashboards_controller.rb": {
        "lines": [
          1,
          1,
          null,
          null,
          null,
          null,
          1,
          null,
          null,
          15,
          15,
          15,
          null,
          15,
          2,
          2,
          null,
          null,
          15,
          15,
          15,
          2,
          2,
          2,
          2,
          1,
          null,
          2,
          1,
          null,
          2,
          1,
          null,
          2,
          1,
          null,
          2,
          1,
          null,
          null,
          null,
          null,
          15,
          15,
          15,
          0,
          null,
          null,
          15,
          15,
          15,
          2,
          null,
          null,
          15,
          15,
          15,
          120,
          118,
          null,
          null,
          null,
          15,
          13,
          13,
          13,
          13,
          26,
          26,
          null,
          null,
          null,
          null,
          13,
          13,
          13,
          13,
          11,
          11,
          null,
          null,
          null,
          null,
          13,
          13,
          13,
          13,
          18,
          18,
          null,
          null,
          null,
          null,
          13,
          13,
          13,
          9,
          41,
          41,
          null,
          null,
          null,
          null,
          13,
          null,
          null,
          2,
          2,
          null,
          null,
          null,
          null,
          1,
          0,
          0,
          null,
          0,
          0,
          0,
          null,
          null,
          1,
          1,
          1,
          1,
          1,
          0,
          null,
          1,
          1,
          1,
          1,
          null,
          1,
          null,
          null,
          1,
          null,
          null,
          1,
          0,
          null,
          null
        ]
      },
      "/Users/sameer/Desktop/EngineeringSaaS/courseassist/app/controllers/users_controller.rb": {
        "lines": [
          1,
          1,
          null,
          1,
          0,
          0,
          null,
          null,
          null,
          1,
          null,
          null,
          null,
          null,
          1,
          null,
          null,
          null,
          null,
          1,
          1,
          0,
          0,
          null,
          null,
          1,
          1,
          1,
          1,
          null,
          null,
          1,
          null,
          1,
          2,
          null,
          null,
          null
        ]
      },
      "/Users/sameer/Desktop/EngineeringSaaS/courseassist/app/controllers/welcome_controller.rb": {
        "lines": [
          1,
          null
        ]
      },
      "/Users/sameer/Desktop/EngineeringSaaS/courseassist/app/jobs/application_job.rb": {
        "lines": [
          1,
          null,
          null,
          null,
          null,
          null,
          null
        ]
      },
      "/Users/sameer/Desktop/EngineeringSaaS/courseassist/app/mailers/application_mailer.rb": {
        "lines": [
          1,
          1,
          1,
          null
        ]
      },
      "/Users/sameer/Desktop/EngineeringSaaS/courseassist/app/models/addcourse.rb": {
        "lines": [
          1,
          null
        ]
      },
      "/Users/sameer/Desktop/EngineeringSaaS/courseassist/app/models/application_record.rb": {
        "lines": [
          1,
          1,
          null
        ]
      },
      "/Users/sameer/Desktop/EngineeringSaaS/courseassist/app/models/course.rb": {
        "lines": [
          1,
          1,
          16,
          0,
          null,
          16,
          null,
          null,
          null,
          1,
          13,
          13,
          null,
          13,
          13,
          null,
          13,
          null,
          0,
          null,
          6,
          null,
          3,
          null,
          0,
          null,
          4,
          null,
          null,
          13,
          null,
          0,
          null,
          3,
          null,
          4,
          null,
          0,
          null,
          6,
          null,
          null,
          13,
          4,
          null,
          null,
          9,
          72,
          72,
          41,
          null,
          null,
          9,
          null,
          null,
          null
        ]
      },
      "/Users/sameer/Desktop/EngineeringSaaS/courseassist/app/models/coursereview.rb": {
        "lines": [
          1,
          null
        ]
      },
      "/Users/sameer/Desktop/EngineeringSaaS/courseassist/app/models/majorreq.rb": {
        "lines": [
          1,
          1,
          13,
          13,
          null,
          null,
          null
        ]
      },
      "/Users/sameer/Desktop/EngineeringSaaS/courseassist/app/models/minorreq.rb": {
        "lines": [
          1,
          1,
          13,
          11,
          null,
          2,
          null,
          null,
          null
        ]
      },
      "/Users/sameer/Desktop/EngineeringSaaS/courseassist/app/models/schoolreq.rb": {
        "lines": [
          1,
          1,
          13,
          13,
          null,
          null,
          null
        ]
      },
      "/Users/sameer/Desktop/EngineeringSaaS/courseassist/app/models/studentschedule.rb": {
        "lines": [
          1,
          null
        ]
      },
      "/Users/sameer/Desktop/EngineeringSaaS/courseassist/app/models/user.rb": {
        "lines": [
          1,
          null
        ]
      },
      "/Users/sameer/Desktop/EngineeringSaaS/courseassist/config/routes.rb": {
        "lines": [
          1,
          null,
          null,
          null,
          null,
          null,
          1,
          null,
          1,
          null,
          1,
          1,
          1,
          1,
          1,
          null,
          null,
          null,
          null
        ]
      },
      "/Users/sameer/Desktop/EngineeringSaaS/courseassist/spec/controllers/courses_controller_spec.rb": {
        "lines": [
          1,
          null,
          1,
          1,
          3,
          3,
          null,
          null,
          null,
          null,
          null,
          null,
          null,
          null,
          3,
          24,
          null,
          null,
          1,
          1,
          1,
          1,
          1,
          null,
          1,
          1,
          1,
          1,
          1,
          null,
          1,
          1,
          1,
          1,
          1,
          null,
          null
        ]
      },
      "/Users/sameer/Desktop/EngineeringSaaS/courseassist/spec/controllers/dashboards_controller_spec.rb": {
        "lines": [
          1,
          null,
          1,
          1,
          16,
          null,
          null,
          null,
          null,
          null,
          null,
          16,
          null,
          null,
          null,
          null,
          null,
          null,
          16,
          null,
          null,
          null,
          null,
          null,
          null,
          null,
          16,
          null,
          null,
          null,
          null,
          null,
          null,
          16,
          null,
          null,
          null,
          null,
          null,
          16,
          16,
          null,
          null,
          null,
          null,
          null,
          null,
          null,
          null,
          null,
          16,
          null,
          null,
          null,
          null,
          16,
          null,
          null,
          null,
          null,
          null,
          16,
          null,
          null,
          null,
          16,
          null,
          16,
          128,
          null,
          null,
          16,
          64,
          null,
          null,
          16,
          64,
          null,
          null,
          16,
          48,
          null,
          null,
          16,
          32,
          null,
          null,
          1,
          1,
          1,
          1,
          1,
          null,
          1,
          1,
          1,
          1,
          null,
          null,
          null,
          1,
          1,
          1,
          1,
          null,
          null,
          1,
          1,
          1,
          1,
          null,
          null,
          1,
          1,
          1,
          1,
          null,
          1,
          1,
          1,
          1,
          null,
          null,
          1,
          1,
          1,
          1,
          null,
          null,
          null,
          1,
          1,
          1,
          1,
          null,
          1,
          1,
          1,
          1,
          null,
          1,
          1,
          1,
          1,
          null,
          null,
          1,
          1,
          1,
          1,
          null,
          null,
          1,
          1,
          1,
          1,
          null,
          null,
          1,
          1,
          1,
          1,
          null,
          1,
          1,
          1,
          1,
          null,
          1,
          1,
          1,
          1,
          null,
          1,
          1,
          1,
          1,
          1,
          null,
          null
        ]
      },
      "/Users/sameer/Desktop/EngineeringSaaS/courseassist/spec/controllers/users_controller_spec.rb": {
        "lines": [
          1,
          null,
          1,
          1,
          1,
          null,
          1,
          1,
          null,
          null
        ]
      }
    },
    "timestamp": 1671489658
  }
}
